Построение начато 14.03.2015 0:17:14.
     1>Проект "C:\Documents and Settings\Administrator\My Documents\Visual Studio 2010\Projects\DirectorySearch\DirectorySearch\DirectorySearch.vcxproj" в узле 2 (целевые объекты build).
     1>InitializeBuildStatus:
         Создание "Debug\DirectorySearch.unsuccessfulbuild", так как было задано "AlwaysCreate".
       ClCompile:
         c:\Program Files (x86)\Microsoft Visual Studio 10.0\VC\bin\CL.exe /c /I"C:\boost\include\boost-1_57" /ZI /nologo /W3 /WX- /Od /Oy- /D WIN32 /D _DEBUG /D _CONSOLE /D _UNICODE /D UNICODE /Gm /EHsc /RTC1 /MDd /GS /fp:precise /Zc:wchar_t /Zc:forScope /Fo"Debug\\" /Fd"Debug\vc100.pdb" /Gd /TP /analyze- /errorReport:prompt main.cpp
         main.cpp
       ManifestResourceCompile:
         Для всех выходных данных обновления не требуется.
       Link:
         c:\Program Files (x86)\Microsoft Visual Studio 10.0\VC\bin\link.exe /ERRORREPORT:PROMPT /OUT:"C:\Documents and Settings\Administrator\My Documents\Visual Studio 2010\Projects\DirectorySearch\Debug\DirectorySearch.exe" /INCREMENTAL /NOLOGO /LIBPATH:C:\boost\lib kernel32.lib user32.lib gdi32.lib winspool.lib comdlg32.lib advapi32.lib shell32.lib ole32.lib oleaut32.lib uuid.lib odbc32.lib odbccp32.lib /MANIFEST /ManifestFile:"Debug\DirectorySearch.exe.intermediate.manifest" /MANIFESTUAC:"level='asInvoker' uiAccess='false'" /DEBUG /PDB:"C:\Documents and Settings\Administrator\My Documents\Visual Studio 2010\Projects\DirectorySearch\Debug\DirectorySearch.pdb" /SUBSYSTEM:CONSOLE /TLBID:1 /DYNAMICBASE /NXCOMPAT /IMPLIB:"C:\Documents and Settings\Administrator\My Documents\Visual Studio 2010\Projects\DirectorySearch\Debug\DirectorySearch.lib" /MACHINE:X86 Debug\DirectorySearch.exe.embed.manifest.res
         Debug\main.obj
         Debug\md5.obj
       Manifest:
         c:\Program Files (x86)\Microsoft SDKs\Windows\v7.0A\bin\mt.exe /nologo /verbose /out:"Debug\DirectorySearch.exe.embed.manifest" /manifest Debug\DirectorySearch.exe.intermediate.manifest
         Для всех выходных данных обновления не требуется.
       LinkEmbedManifest:
         Для всех выходных данных обновления не требуется.
         DirectorySearch.vcxproj -> C:\Documents and Settings\Administrator\My Documents\Visual Studio 2010\Projects\DirectorySearch\Debug\DirectorySearch.exe
       FinalizeBuildStatus:
         Файл "Debug\DirectorySearch.unsuccessfulbuild" удаляется.
         Обращение к "Debug\DirectorySearch.lastbuildstate".
     1>Построение проекта "C:\Documents and Settings\Administrator\My Documents\Visual Studio 2010\Projects\DirectorySearch\DirectorySearch\DirectorySearch.vcxproj" завершено (целевые объекты build).

Построение успешно завершено.

Затраченное время: 00:00:04.90
