C:\DOCUMENTS AND SETTINGS\ADMINISTRATOR\MY DOCUMENTS\VISUAL STUDIO 2010\PROJECTS\DIRECTORYSEARCH\DEBUG\DIRECTORYSEARCH.EXE
C:\DOCUMENTS AND SETTINGS\ADMINISTRATOR\MY DOCUMENTS\VISUAL STUDIO 2010\PROJECTS\DIRECTORYSEARCH\DEBUG\DIRECTORYSEARCH.ILK
C:\DOCUMENTS AND SETTINGS\ADMINISTRATOR\MY DOCUMENTS\VISUAL STUDIO 2010\PROJECTS\DIRECTORYSEARCH\DEBUG\DIRECTORYSEARCH.PDB
C:\Documents and Settings\Administrator\My Documents\Visual Studio 2010\Projects\DirectorySearch\DirectorySearch\Debug\cl.command.1.tlog
C:\Documents and Settings\Administrator\My Documents\Visual Studio 2010\Projects\DirectorySearch\DirectorySearch\Debug\CL.read.1.tlog
C:\Documents and Settings\Administrator\My Documents\Visual Studio 2010\Projects\DirectorySearch\DirectorySearch\Debug\CL.write.1.tlog
C:\DOCUMENTS AND SETTINGS\ADMINISTRATOR\MY DOCUMENTS\VISUAL STUDIO 2010\PROJECTS\DIRECTORYSEARCH\DIRECTORYSEARCH\DEBUG\DIRECTORYSEARCH.EXE.EMBED.MANIFEST
C:\DOCUMENTS AND SETTINGS\ADMINISTRATOR\MY DOCUMENTS\VISUAL STUDIO 2010\PROJECTS\DIRECTORYSEARCH\DIRECTORYSEARCH\DEBUG\DIRECTORYSEARCH.EXE.EMBED.MANIFEST.RES
C:\DOCUMENTS AND SETTINGS\ADMINISTRATOR\MY DOCUMENTS\VISUAL STUDIO 2010\PROJECTS\DIRECTORYSEARCH\DIRECTORYSEARCH\DEBUG\DIRECTORYSEARCH.EXE.INTERMEDIATE.MANIFEST
C:\Documents and Settings\Administrator\My Documents\Visual Studio 2010\Projects\DirectorySearch\DirectorySearch\Debug\DirectorySearch_manifest.rc
C:\Documents and Settings\Administrator\My Documents\Visual Studio 2010\Projects\DirectorySearch\DirectorySearch\Debug\link.2940.read.1.tlog
C:\Documents and Settings\Administrator\My Documents\Visual Studio 2010\Projects\DirectorySearch\DirectorySearch\Debug\link.2940.write.1.tlog
C:\Documents and Settings\Administrator\My Documents\Visual Studio 2010\Projects\DirectorySearch\DirectorySearch\Debug\link.2940-cvtres.read.1.tlog
C:\Documents and Settings\Administrator\My Documents\Visual Studio 2010\Projects\DirectorySearch\DirectorySearch\Debug\link.2940-cvtres.write.1.tlog
C:\Documents and Settings\Administrator\My Documents\Visual Studio 2010\Projects\DirectorySearch\DirectorySearch\Debug\link.command.1.tlog
C:\Documents and Settings\Administrator\My Documents\Visual Studio 2010\Projects\DirectorySearch\DirectorySearch\Debug\link.read.1.tlog
C:\Documents and Settings\Administrator\My Documents\Visual Studio 2010\Projects\DirectorySearch\DirectorySearch\Debug\link.write.1.tlog
C:\Documents and Settings\Administrator\My Documents\Visual Studio 2010\Projects\DirectorySearch\DirectorySearch\Debug\link-cvtres.read.1.tlog
C:\Documents and Settings\Administrator\My Documents\Visual Studio 2010\Projects\DirectorySearch\DirectorySearch\Debug\link-cvtres.write.1.tlog
C:\DOCUMENTS AND SETTINGS\ADMINISTRATOR\MY DOCUMENTS\VISUAL STUDIO 2010\PROJECTS\DIRECTORYSEARCH\DIRECTORYSEARCH\DEBUG\MAIN.OBJ
C:\DOCUMENTS AND SETTINGS\ADMINISTRATOR\MY DOCUMENTS\VISUAL STUDIO 2010\PROJECTS\DIRECTORYSEARCH\DIRECTORYSEARCH\DEBUG\MD5.OBJ
C:\Documents and Settings\Administrator\My Documents\Visual Studio 2010\Projects\DirectorySearch\DirectorySearch\Debug\mt.command.1.tlog
C:\Documents and Settings\Administrator\My Documents\Visual Studio 2010\Projects\DirectorySearch\DirectorySearch\Debug\mt.read.1.tlog
C:\Documents and Settings\Administrator\My Documents\Visual Studio 2010\Projects\DirectorySearch\DirectorySearch\Debug\mt.write.1.tlog
C:\Documents and Settings\Administrator\My Documents\Visual Studio 2010\Projects\DirectorySearch\DirectorySearch\Debug\rc.command.1.tlog
C:\Documents and Settings\Administrator\My Documents\Visual Studio 2010\Projects\DirectorySearch\DirectorySearch\Debug\rc.read.1.tlog
C:\Documents and Settings\Administrator\My Documents\Visual Studio 2010\Projects\DirectorySearch\DirectorySearch\Debug\rc.write.1.tlog
C:\Documents and Settings\Administrator\My Documents\Visual Studio 2010\Projects\DirectorySearch\DirectorySearch\Debug\vc100.idb
C:\DOCUMENTS AND SETTINGS\ADMINISTRATOR\MY DOCUMENTS\VISUAL STUDIO 2010\PROJECTS\DIRECTORYSEARCH\DIRECTORYSEARCH\DEBUG\VC100.PDB
