Построение начато 18.03.2015 22:32:55.
     1>Проект "C:\Documents and Settings\Administrator\My Documents\Visual Studio 2010\Projects\DirectorySearch\DirectorySearch\DirectorySearch.vcxproj" в узле 2 (целевые объекты build).
     1>InitializeBuildStatus:
         Создание "Release\DirectorySearch.unsuccessfulbuild", так как было задано "AlwaysCreate".
       ClCompile:
         c:\Program Files (x86)\Microsoft Visual Studio 10.0\VC\bin\CL.exe /c /I"C:\boost\include\boost-1_57" /Zi /nologo /W3 /WX- /O2 /Oi /Oy- /GL /D WIN32 /D NDEBUG /D _CONSOLE /D _UNICODE /D UNICODE /Gm- /EHsc /MT /GS /Gy /fp:precise /Zc:wchar_t /Zc:forScope /Fo"Release\\" /Fd"Release\vc100.pdb" /Gd /TP /analyze- /errorReport:prompt main.cpp
         main.cpp
       Link:
         c:\Program Files (x86)\Microsoft Visual Studio 10.0\VC\bin\link.exe /ERRORREPORT:PROMPT /OUT:"C:\Documents and Settings\Administrator\My Documents\Visual Studio 2010\Projects\DirectorySearch\Release\DirectorySearch.exe" /INCREMENTAL:NO /NOLOGO /LIBPATH:C:\boost\lib kernel32.lib user32.lib gdi32.lib winspool.lib comdlg32.lib advapi32.lib shell32.lib ole32.lib oleaut32.lib uuid.lib odbc32.lib odbccp32.lib /MANIFEST /ManifestFile:"Release\DirectorySearch.exe.intermediate.manifest" /MANIFESTUAC:"level='asInvoker' uiAccess='false'" /DEBUG /PDB:"C:\Documents and Settings\Administrator\My Documents\Visual Studio 2010\Projects\DirectorySearch\Release\DirectorySearch.pdb" /SUBSYSTEM:CONSOLE /OPT:REF /OPT:ICF /LTCG /TLBID:1 /DYNAMICBASE /NXCOMPAT /IMPLIB:"C:\Documents and Settings\Administrator\My Documents\Visual Studio 2010\Projects\DirectorySearch\Release\DirectorySearch.lib" /MACHINE:X86 Release\main.obj
         Release\md5.obj
         Создание кода
         Создание кода завершено
         DirectorySearch.vcxproj -> C:\Documents and Settings\Administrator\My Documents\Visual Studio 2010\Projects\DirectorySearch\Release\DirectorySearch.exe
       Manifest:
         c:\Program Files (x86)\Microsoft SDKs\Windows\v7.0A\bin\mt.exe /nologo /verbose /outputresource:"C:\Documents and Settings\Administrator\My Documents\Visual Studio 2010\Projects\DirectorySearch\Release\DirectorySearch.exe;#1" /manifest Release\DirectorySearch.exe.intermediate.manifest
       FinalizeBuildStatus:
         Файл "Release\DirectorySearch.unsuccessfulbuild" удаляется.
         Обращение к "Release\DirectorySearch.lastbuildstate".
     1>Построение проекта "C:\Documents and Settings\Administrator\My Documents\Visual Studio 2010\Projects\DirectorySearch\DirectorySearch\DirectorySearch.vcxproj" завершено (целевые объекты build).

Построение успешно завершено.

Затраченное время: 00:00:06.09
